# JRE version: Java(TM) SE Runtime Environment (17.0.9+11) (build 17.0.9+11-LTS-201)
# Java VM: Java HotSpot(TM) 64-Bit Server VM (17.0.9+11-LTS-201, mixed mode, sharing, tiered, compressed oops, compressed class ptrs, g1 gc, windows-amd64)
GC Precious Log:
 CPUs: 12 total, 12 available
 Memory: 16310M
 Large Page Support: Disabled
 NUMA Support: Disabled
 Compressed Oops: Enabled (Zero based)
 Heap Region Size: 2M
 Heap Min Capacity: 8M
 Heap Initial Capacity: 256M
 Heap Max Capacity: 4078M
 Pre-touch: Disabled
 Parallel Workers: 10
 Concurrent Workers: 3
 Concurrent Refinement Workers: 10
 Periodic GC: Disabled
Heap:
 garbage-first heap   total 417792K, used 275955K [0x0000000701200000, 0x0000000800000000)
  region size 2048K, 56 young (114688K), 7 survivors (14336K)
 Metaspace       used 62732K, committed 63360K, reserved 1114112K
  class space    used 7840K, committed 8128K, reserved 1048576K
GC Heap History (20 events):
Event: 1.700 GC heap before
{Heap before GC invocations=5 (full 0):
 garbage-first heap   total 262144K, used 135168K [0x0000000701200000, 0x0000000800000000)
  region size 2048K, 5 young (10240K), 2 survivors (4096K)
 Metaspace       used 21254K, committed 21504K, reserved 1114112K
  class space    used 2749K, committed 2880K, reserved 1048576K
}
Event: 1.703 GC heap after
{Heap after GC invocations=6 (full 0):
 garbage-first heap   total 448512K, used 135055K [0x0000000701200000, 0x0000000800000000)
  region size 2048K, 1 young (2048K), 1 survivors (2048K)
 Metaspace       used 21254K, committed 21504K, reserved 1114112K
  class space    used 2749K, committed 2880K, reserved 1048576K
}
Event: 3.302 GC heap before
{Heap before GC invocations=7 (full 0):
 garbage-first heap   total 417792K, used 176015K [0x0000000701200000, 0x0000000800000000)
  region size 2048K, 28 young (57344K), 1 survivors (2048K)
 Metaspace       used 34164K, committed 34560K, reserved 1114112K
  class space    used 4224K, committed 4416K, reserved 1048576K
}
Event: 3.304 GC heap after
{Heap after GC invocations=8 (full 0):
 garbage-first heap   total 417792K, used 125456K [0x0000000701200000, 0x0000000800000000)
  region size 2048K, 3 young (6144K), 3 survivors (6144K)
 Metaspace       used 34164K, committed 34560K, reserved 1114112K
  class space    used 4224K, committed 4416K, reserved 1048576K
}
Event: 11.028 GC heap before
{Heap before GC invocations=9 (full 0):
 garbage-first heap   total 417792K, used 250384K [0x0000000701200000, 0x0000000800000000)
  region size 2048K, 64 young (131072K), 3 survivors (6144K)
 Metaspace       used 56148K, committed 56576K, reserved 1114112K
  class space    used 7470K, committed 7680K, reserved 1048576K
}
Event: 11.034 GC heap after
{Heap after GC invocations=10 (full 0):
 garbage-first heap   total 417792K, used 139343K [0x0000000701200000, 0x0000000800000000)
  region size 2048K, 8 young (16384K), 8 survivors (16384K)
 Metaspace       used 56148K, committed 56576K, reserved 1114112K
  class space    used 7470K, committed 7680K, reserved 1048576K
}
Event: 12.047 GC heap before
{Heap before GC invocations=10 (full 0):
 garbage-first heap   total 417792K, used 141391K [0x0000000701200000, 0x0000000800000000)
  region size 2048K, 10 young (20480K), 8 survivors (16384K)
 Metaspace       used 56424K, committed 56832K, reserved 1114112K
  class space    used 7489K, committed 7680K, reserved 1048576K
}
Event: 12.052 GC heap after
{Heap after GC invocations=11 (full 0):
 garbage-first heap   total 417792K, used 139510K [0x0000000701200000, 0x0000000800000000)
  region size 2048K, 1 young (2048K), 1 survivors (2048K)
 Metaspace       used 56424K, committed 56832K, reserved 1114112K
  class space    used 7489K, committed 7680K, reserved 1048576K
}
Event: 25.426 GC heap before
{Heap before GC invocations=11 (full 0):
 garbage-first heap   total 417792K, used 205046K [0x0000000701200000, 0x0000000800000000)
  region size 2048K, 35 young (71680K), 1 survivors (2048K)
 Metaspace       used 58843K, committed 59328K, reserved 1114112K
  class space    used 7671K, committed 7872K, reserved 1048576K
}
Event: 25.432 GC heap after
{Heap after GC invocations=12 (full 0):
 garbage-first heap   total 417792K, used 154358K [0x0000000701200000, 0x0000000800000000)
  region size 2048K, 9 young (18432K), 9 survivors (18432K)
 Metaspace       used 58843K, committed 59328K, reserved 1114112K
  class space    used 7671K, committed 7872K, reserved 1048576K
}
Event: 57.915 GC heap before
{Heap before GC invocations=13 (full 0):
 garbage-first heap   total 417792K, used 289526K [0x0000000701200000, 0x0000000800000000)
  region size 2048K, 76 young (155648K), 9 survivors (18432K)
 Metaspace       used 61032K, committed 61632K, reserved 1114112K
  class space    used 7799K, committed 8064K, reserved 1048576K
}
Event: 57.920 GC heap after
{Heap after GC invocations=14 (full 0):
 garbage-first heap   total 417792K, used 160436K [0x0000000701200000, 0x0000000800000000)
  region size 2048K, 5 young (10240K), 5 survivors (10240K)
 Metaspace       used 61032K, committed 61632K, reserved 1114112K
  class space    used 7799K, committed 8064K, reserved 1048576K
}
Event: 61.230 GC heap before
{Heap before GC invocations=14 (full 0):
 garbage-first heap   total 417792K, used 170676K [0x0000000701200000, 0x0000000800000000)
  region size 2048K, 10 young (20480K), 5 survivors (10240K)
 Metaspace       used 61086K, committed 61632K, reserved 1114112K
  class space    used 7803K, committed 8064K, reserved 1048576K
}
Event: 61.232 GC heap after
{Heap after GC invocations=15 (full 0):
 garbage-first heap   total 417792K, used 159170K [0x0000000701200000, 0x0000000800000000)
  region size 2048K, 1 young (2048K), 1 survivors (2048K)
 Metaspace       used 61086K, committed 61632K, reserved 1114112K
  class space    used 7803K, committed 8064K, reserved 1048576K
}
Event: 101.688 GC heap before
{Heap before GC invocations=15 (full 0):
 garbage-first heap   total 417792K, used 300482K [0x0000000701200000, 0x0000000800000000)
  region size 2048K, 70 young (143360K), 1 survivors (2048K)
 Metaspace       used 61680K, committed 62272K, reserved 1114112K
  class space    used 7813K, committed 8128K, reserved 1048576K
}
Event: 101.690 GC heap after
{Heap after GC invocations=16 (full 0):
 garbage-first heap   total 417792K, used 161603K [0x0000000701200000, 0x0000000800000000)
  region size 2048K, 2 young (4096K), 2 survivors (4096K)
 Metaspace       used 61680K, committed 62272K, reserved 1114112K
  class space    used 7813K, committed 8128K, reserved 1048576K
}
Event: 582.464 GC heap before
{Heap before GC invocations=16 (full 0):
 garbage-first heap   total 417792K, used 317251K [0x0000000701200000, 0x0000000800000000)
  region size 2048K, 78 young (159744K), 2 survivors (4096K)
 Metaspace       used 62313K, committed 62912K, reserved 1114112K
  class space    used 7828K, committed 8128K, reserved 1048576K
}
Event: 582.469 GC heap after
{Heap after GC invocations=17 (full 0):
 garbage-first heap   total 417792K, used 166179K [0x0000000701200000, 0x0000000800000000)
  region size 2048K, 4 young (8192K), 4 survivors (8192K)
 Metaspace       used 62313K, committed 62912K, reserved 1114112K
  class space    used 7828K, committed 8128K, reserved 1048576K
}
Event: 1057.644 GC heap before
{Heap before GC invocations=17 (full 0):
 garbage-first heap   total 417792K, used 327971K [0x0000000701200000, 0x0000000800000000)
  region size 2048K, 81 young (165888K), 4 survivors (8192K)
 Metaspace       used 62598K, committed 63232K, reserved 1114112K
  class space    used 7832K, committed 8128K, reserved 1048576K
}
Event: 1057.652 GC heap after
{Heap after GC invocations=18 (full 0):
 garbage-first heap   total 417792K, used 175603K [0x0000000701200000, 0x0000000800000000)
  region size 2048K, 7 young (14336K), 7 survivors (14336K)
 Metaspace       used 62598K, committed 63232K, reserved 1114112K
  class space    used 7832K, committed 8128K, reserved 1048576K
}

